[2025-03-14T09:59:00.314] [INFO] bot - Пользователь 2099914999 (GMTUSDT) запустил бота.
[2025-03-14T10:04:48.476] [INFO] bot - запустил бота.
[2025-03-14T10:04:48.478] [INFO] bot - Пользователь 2099914999 (GMTUSDT) запустил бота.
[2025-03-14T10:17:11.906] [INFO] bot - Пользователь 2099914999 (GMTUSDT) запустил бота.
[2025-03-14T10:21:03.689] [INFO] bot - 🚀 Сервер запущен на порту: 5000
[2025-03-14T10:27:16.780] [INFO] bot - 🚀 Бот запущен на порту 5000
[2025-03-14T10:27:21.454] [INFO] bot - Пользователь 2099914999 (GMTUSDT) запустил бота.
[2025-03-14T10:27:24.363] [INFO] bot - Пользователь 2099914999 (GMTUSDT) запросил анонс программы.
[2025-03-14T10:29:07.095] [INFO] bot - 🚀 Бот запущен на порту 5000
[2025-03-14T10:29:11.775] [INFO] bot - Пользователь 2099914999 (GMTUSDT) запустил бота.
[2025-03-14T10:29:13.192] [INFO] bot - Пользователь 2099914999 (GMTUSDT) нажал кнопку "Оплатить".
[2025-03-14T10:29:24.350] [INFO] bot - Пользователь 2099914999 (GMTUSDT) запросил анонс программы.
[2025-03-14T10:31:37.870] [INFO] bot - 🚀 Бот запущен на порту 5000
[2025-03-14T10:31:42.778] [INFO] bot - Пользователь 2099914999 (GMTUSDT) запустил бота.
[2025-03-14T10:32:47.774] [INFO] bot - 🚀 Бот запущен на порту 5000
[2025-03-14T10:32:51.673] [INFO] bot - Пользователь 2099914999 (GMTUSDT) запустил бота.
[2025-03-14T10:36:51.778] [INFO] bot - 🚀 Бот запущен на порту 5000
[2025-03-14T10:36:55.757] [ERROR] bot - Ошибка: Error: 400: Bad Request: can't parse entities: Character '!' is reserved and must be escaped with the preceding '\'
[2025-03-14T10:38:12.557] [INFO] bot - 🚀 Бот запущен на порту 5000
[2025-03-14T10:38:32.229] [INFO] bot - 🚀 Бот запущен на порту 5000
[2025-03-14T10:41:31.793] [INFO] bot - Пользователь 2099914999 (GMTUSDT) запустил бота.
[2025-03-14T10:43:43.501] [INFO] bot - 🚀 Бот запущен на порту 5000
[2025-03-14T10:43:46.436] [ERROR] bot - Ошибка: Error: 400: Bad Request: can't parse entities: Character '!' is reserved and must be escaped with the preceding '\'
[2025-03-14T10:45:02.433] [INFO] bot - 🚀 Бот запущен на порту 5000
[2025-03-14T10:45:06.017] [ERROR] bot - Ошибка: Error: 400: Bad Request: can't parse entities: Character '.' is reserved and must be escaped with the preceding '\'
[2025-03-14T10:46:01.649] [INFO] bot - 🚀 Бот запущен на порту 5000
[2025-03-14T10:46:04.033] [ERROR] bot - Ошибка: Error: 400: Bad Request: can't parse entities: Character '.' is reserved and must be escaped with the preceding '\'
[2025-03-14T10:46:59.754] [INFO] bot - 🚀 Бот запущен на порту 5000
[2025-03-14T10:47:03.326] [INFO] bot - Пользователь 2099914999 (GMTUSDT) запустил бота.
[2025-03-14T10:48:27.465] [INFO] bot - 🚀 Бот запущен на порту 5000
[2025-03-14T10:48:30.885] [INFO] bot - Пользователь 2099914999 (GMTUSDT) запустил бота.
[2025-03-14T10:48:32.525] [INFO] bot - Пользователь 2099914999 (GMTUSDT) нажал кнопку "Оплатить".
[2025-03-14T10:48:34.585] [INFO] bot - Пользователь 2099914999 (GMTUSDT) запросил анонс программы.
[2025-03-14T10:49:23.691] [INFO] bot - 🚀 Бот запущен на порту 5000
[2025-03-14T10:49:26.102] [INFO] bot - Пользователь 2099914999 (GMTUSDT) запустил бота.
[2025-03-14T10:49:27.733] [INFO] bot - Пользователь 2099914999 (GMTUSDT) запросил анонс программы.
[2025-03-14T10:49:46.461] [INFO] bot - 🚀 Бот запущен на порту 5000
[2025-03-14T10:49:48.490] [INFO] bot - Пользователь 2099914999 (GMTUSDT) запустил бота.
[2025-03-14T10:49:50.350] [INFO] bot - Пользователь 2099914999 (GMTUSDT) запросил анонс программы.
[2025-03-14T11:05:53.862] [INFO] bot - Пользователь 7136261869 (Artem_Bryantsev) запустил бота.
[2025-03-14T11:06:02.140] [INFO] bot - Пользователь 7333691218 (NoirArtem) запустил бота.
[2025-03-14T11:07:07.999] [INFO] bot - 🚀 Бот запущен на порту 5000
[2025-03-14T11:07:41.694] [INFO] bot - 🚀 Бот запущен на порту 5000
[2025-03-14T11:07:46.006] [INFO] bot - Пользователь 2099914999 (GMTUSDT) запустил бота.
[2025-03-14T11:12:48.497] [INFO] bot - 🚀 Бот запущен на порту 5000
[2025-03-14T11:12:53.769] [INFO] bot - Пользователь 2099914999 (GMTUSDT) запустил бота.
[2025-03-14T11:14:30.126] [INFO] bot - Пользователь 7277030216 (cristyman) запустил бота.
[2025-03-14T11:14:38.401] [INFO] bot - Пользователь 7277030216 (cristyman) нажал кнопку "Оплатить".
[2025-03-14T11:14:44.447] [INFO] bot - Пользователь 7277030216 (cristyman) запросил анонс программы.
[2025-03-14T11:17:24.524] [INFO] bot - 🚀 Бот запущен на порту 5000
[2025-03-14T11:19:25.495] [INFO] bot - 🚀 Бот запущен на порту 5000
[2025-03-14T11:33:35.311] [INFO] bot - 🚀 Бот запущен на порту 5000
[2025-03-14T11:37:33.309] [INFO] bot - 🚀 Бот запущен на порту 5000
